Vivado Simulator 2016.4
Time resolution is 1 ps
 Block Memory Generator module loading initial data...
 Block Memory Generator data initialization complete.
Block Memory Generator module ce_pe_tb.p.y1.inst.native_mem_module.blk_mem_gen_v8_3_5_inst is using a behavioral model for simulation which will not precisely model memory collision behavior.
 Block Memory Generator module loading initial data...
 Block Memory Generator data initialization complete.
Block Memory Generator module ce_pe_tb.p.y2.inst.native_mem_module.blk_mem_gen_v8_3_5_inst is using a behavioral model for simulation which will not precisely model memory collision behavior.
 Block Memory Generator module loading initial data...
 Block Memory Generator data initialization complete.
Block Memory Generator module ce_pe_tb.p.y3.inst.native_mem_module.blk_mem_gen_v8_3_5_inst is using a behavioral model for simulation which will not precisely model memory collision behavior.
 Block Memory Generator module loading initial data...
 Block Memory Generator data initialization complete.
Block Memory Generator module ce_pe_tb.p.y4.inst.native_mem_module.blk_mem_gen_v8_3_5_inst is using a behavioral model for simulation which will not precisely model memory collision behavior.
 Block Memory Generator module loading initial data...
 Block Memory Generator data initialization complete.
Block Memory Generator module ce_pe_tb.p.y5.inst.native_mem_module.blk_mem_gen_v8_3_5_inst is using a behavioral model for simulation which will not precisely model memory collision behavior.
 Block Memory Generator module loading initial data...
 Block Memory Generator data initialization complete.
Block Memory Generator module ce_pe_tb.p.y6.inst.native_mem_module.blk_mem_gen_v8_3_5_inst is using a behavioral model for simulation which will not precisely model memory collision behavior.
 Block Memory Generator module loading initial data...
 Block Memory Generator data initialization complete.
Block Memory Generator module ce_pe_tb.p.y7.inst.native_mem_module.blk_mem_gen_v8_3_5_inst is using a behavioral model for simulation which will not precisely model memory collision behavior.
 Block Memory Generator module loading initial data...
 Block Memory Generator data initialization complete.
Block Memory Generator module ce_pe_tb.p.y8.inst.native_mem_module.blk_mem_gen_v8_3_5_inst is using a behavioral model for simulation which will not precisely model memory collision behavior.
                   000000000
                   301000000
