Copyright 1986-2016 Xilinx, Inc. All Rights Reserved.
----------------------------------------------------------------------------------------
| Tool Version : Vivado v.2016.4_sdx (lin64) Build 1806307 Thu Mar  9 15:24:27 MST 2017
| Date         : Thu Oct 26 12:03:26 2017
| Host         : spl103 running 64-bit CentOS release 6.9 (Final)
| Command      : report_drc -file pe_cu_drc_opted.rpt
| Design       : pe_cu
| Device       : xc7z020clg484-1
| Speed File   : -1
| Design State : Synthesized
----------------------------------------------------------------------------------------

Report DRC

Table of Contents
-----------------
1. REPORT SUMMARY
2. REPORT DETAILS

1. REPORT SUMMARY
-----------------
            Netlist: netlist
          Floorplan: design_1
      Design limits: <entire design considered>
           Ruledeck: default
             Max violations: <unlimited>
             Violations found: 1
+--------+----------+--------------------+------------+
| Rule   | Severity | Description        | Violations |
+--------+----------+--------------------+------------+
| ZPS7-1 | Warning  | PS7 block required | 1          |
+--------+----------+--------------------+------------+

2. REPORT DETAILS
-----------------
ZPS7-1#1 Warning
PS7 block required  
The PS7 cell must be used in this Zynq design in order to enable correct default configuration.
Related violations: <none>


